# Logfile created on 2015-05-01 09:30:42 +0100 by logger.rb/44203
I, [2015-05-01T09:30:42.534285 #11280]  INFO -- : 0:  i18n (0.7.0) from /Users/haigj01/.rvm/gems/ruby-2.1.0/specifications/i18n-0.7.0.gemspec
I, [2015-05-01T09:30:42.534553 #11280]  INFO -- : 0:  json (1.8.2) from /Users/haigj01/.rvm/gems/ruby-2.1.0/specifications/json-1.8.2.gemspec
I, [2015-05-01T09:30:42.534750 #11280]  INFO -- : 0:  minitest (5.6.1) from /Users/haigj01/.rvm/gems/ruby-2.1.0/specifications/minitest-5.6.1.gemspec
I, [2015-05-01T09:30:42.534940 #11280]  INFO -- : 0:  thread_safe (0.3.5) from /Users/haigj01/.rvm/gems/ruby-2.1.0/specifications/thread_safe-0.3.5.gemspec
I, [2015-05-01T09:30:42.535142 #11280]  INFO -- : 0:  tzinfo (1.2.2) from /Users/haigj01/.rvm/gems/ruby-2.1.0/specifications/tzinfo-1.2.2.gemspec
I, [2015-05-01T09:30:42.535321 #11280]  INFO -- : 0:  activesupport (4.2.1) from /Users/haigj01/.rvm/gems/ruby-2.1.0/specifications/activesupport-4.2.1.gemspec
I, [2015-05-01T09:30:42.535499 #11280]  INFO -- : 0:  builder (3.2.2) from /Users/haigj01/.rvm/gems/ruby-2.1.0/specifications/builder-3.2.2.gemspec
I, [2015-05-01T09:30:42.535680 #11280]  INFO -- : 0:  activemodel (4.2.1) from /Users/haigj01/.rvm/gems/ruby-2.1.0/specifications/activemodel-4.2.1.gemspec
I, [2015-05-01T09:30:42.535870 #11280]  INFO -- : 0:  arel (6.0.0) from /Users/haigj01/.rvm/gems/ruby-2.1.0/specifications/arel-6.0.0.gemspec
I, [2015-05-01T09:30:42.536072 #11280]  INFO -- : 0:  activerecord (4.2.1) from /Users/haigj01/.rvm/gems/ruby-2.1.0/specifications/activerecord-4.2.1.gemspec
I, [2015-05-01T09:30:42.536226 #11280]  INFO -- : 0:  sqlite3 (1.3.10) from /Users/haigj01/.rvm/gems/ruby-2.1.0/specifications/sqlite3-1.3.10.gemspec
I, [2015-05-01T09:30:42.543809 #11280]  INFO -- : 0:  simple_stats_store (0.0.1) from /Users/haigj01/workspace/titan/simple_stats_store/simple_stats_store.gemspec
I, [2015-05-01T09:30:42.544028 #11280]  INFO -- : 0:  bundler (1.5.1) from /Users/haigj01/.rvm/gems/ruby-2.1.0@global/specifications/bundler-1.5.1.gemspec
I, [2015-05-01T09:38:05.656974 #11449]  INFO -- : 0:  i18n (0.7.0) from /Users/haigj01/.rvm/gems/ruby-2.1.0/specifications/i18n-0.7.0.gemspec
I, [2015-05-01T09:38:05.657244 #11449]  INFO -- : 0:  json (1.8.2) from /Users/haigj01/.rvm/gems/ruby-2.1.0/specifications/json-1.8.2.gemspec
I, [2015-05-01T09:38:05.657465 #11449]  INFO -- : 0:  minitest (5.6.1) from /Users/haigj01/.rvm/gems/ruby-2.1.0/specifications/minitest-5.6.1.gemspec
I, [2015-05-01T09:38:05.657688 #11449]  INFO -- : 0:  thread_safe (0.3.5) from /Users/haigj01/.rvm/gems/ruby-2.1.0/specifications/thread_safe-0.3.5.gemspec
I, [2015-05-01T09:38:05.657897 #11449]  INFO -- : 0:  tzinfo (1.2.2) from /Users/haigj01/.rvm/gems/ruby-2.1.0/specifications/tzinfo-1.2.2.gemspec
I, [2015-05-01T09:38:05.658105 #11449]  INFO -- : 0:  activesupport (4.2.1) from /Users/haigj01/.rvm/gems/ruby-2.1.0/specifications/activesupport-4.2.1.gemspec
I, [2015-05-01T09:38:05.658311 #11449]  INFO -- : 0:  builder (3.2.2) from /Users/haigj01/.rvm/gems/ruby-2.1.0/specifications/builder-3.2.2.gemspec
I, [2015-05-01T09:38:05.658519 #11449]  INFO -- : 0:  activemodel (4.2.1) from /Users/haigj01/.rvm/gems/ruby-2.1.0/specifications/activemodel-4.2.1.gemspec
I, [2015-05-01T09:38:05.658717 #11449]  INFO -- : 0:  arel (6.0.0) from /Users/haigj01/.rvm/gems/ruby-2.1.0/specifications/arel-6.0.0.gemspec
I, [2015-05-01T09:38:05.658928 #11449]  INFO -- : 0:  activerecord (4.2.1) from /Users/haigj01/.rvm/gems/ruby-2.1.0/specifications/activerecord-4.2.1.gemspec
I, [2015-05-01T09:38:05.659137 #11449]  INFO -- : 0:  sqlite3 (1.3.10) from /Users/haigj01/.rvm/gems/ruby-2.1.0/specifications/sqlite3-1.3.10.gemspec
I, [2015-05-01T09:38:05.686526 #11449]  INFO -- : 0:  simple_stats_store (0.0.1) from /Users/haigj01/workspace/titan/simple_stats_store/simple_stats_store.gemspec
I, [2015-05-01T09:38:05.686809 #11449]  INFO -- : 0:  bundler (1.5.1) from /Users/haigj01/.rvm/gems/ruby-2.1.0@global/specifications/bundler-1.5.1.gemspec
I, [2015-05-01T09:38:13.891119 #11454]  INFO -- : 0:  i18n (0.7.0) from /Users/haigj01/.rvm/gems/ruby-2.1.0/specifications/i18n-0.7.0.gemspec
I, [2015-05-01T09:38:13.891388 #11454]  INFO -- : 0:  json (1.8.2) from /Users/haigj01/.rvm/gems/ruby-2.1.0/specifications/json-1.8.2.gemspec
I, [2015-05-01T09:38:13.891602 #11454]  INFO -- : 0:  minitest (5.6.1) from /Users/haigj01/.rvm/gems/ruby-2.1.0/specifications/minitest-5.6.1.gemspec
I, [2015-05-01T09:38:13.891806 #11454]  INFO -- : 0:  thread_safe (0.3.5) from /Users/haigj01/.rvm/gems/ruby-2.1.0/specifications/thread_safe-0.3.5.gemspec
I, [2015-05-01T09:38:13.892008 #11454]  INFO -- : 0:  tzinfo (1.2.2) from /Users/haigj01/.rvm/gems/ruby-2.1.0/specifications/tzinfo-1.2.2.gemspec
I, [2015-05-01T09:38:13.892225 #11454]  INFO -- : 0:  activesupport (4.2.1) from /Users/haigj01/.rvm/gems/ruby-2.1.0/specifications/activesupport-4.2.1.gemspec
I, [2015-05-01T09:38:13.892422 #11454]  INFO -- : 0:  builder (3.2.2) from /Users/haigj01/.rvm/gems/ruby-2.1.0/specifications/builder-3.2.2.gemspec
I, [2015-05-01T09:38:13.892622 #11454]  INFO -- : 0:  activemodel (4.2.1) from /Users/haigj01/.rvm/gems/ruby-2.1.0/specifications/activemodel-4.2.1.gemspec
I, [2015-05-01T09:38:13.892821 #11454]  INFO -- : 0:  arel (6.0.0) from /Users/haigj01/.rvm/gems/ruby-2.1.0/specifications/arel-6.0.0.gemspec
I, [2015-05-01T09:38:13.893023 #11454]  INFO -- : 0:  activerecord (4.2.1) from /Users/haigj01/.rvm/gems/ruby-2.1.0/specifications/activerecord-4.2.1.gemspec
I, [2015-05-01T09:38:13.893223 #11454]  INFO -- : 0:  sqlite3 (1.3.10) from /Users/haigj01/.rvm/gems/ruby-2.1.0/specifications/sqlite3-1.3.10.gemspec
I, [2015-05-01T09:38:13.900977 #11454]  INFO -- : 0:  simple_stats_store (0.0.1) from /Users/haigj01/workspace/titan/simple_stats_store/simple_stats_store.gemspec
I, [2015-05-01T09:38:13.901205 #11454]  INFO -- : 0:  bundler (1.5.1) from /Users/haigj01/.rvm/gems/ruby-2.1.0@global/specifications/bundler-1.5.1.gemspec
I, [2015-05-01T09:39:08.664967 #11481]  INFO -- : 0:  i18n (0.7.0) from /Users/haigj01/.rvm/gems/ruby-2.1.0/specifications/i18n-0.7.0.gemspec
I, [2015-05-01T09:39:08.665231 #11481]  INFO -- : 0:  json (1.8.2) from /Users/haigj01/.rvm/gems/ruby-2.1.0/specifications/json-1.8.2.gemspec
I, [2015-05-01T09:39:08.665468 #11481]  INFO -- : 0:  minitest (5.6.1) from /Users/haigj01/.rvm/gems/ruby-2.1.0/specifications/minitest-5.6.1.gemspec
I, [2015-05-01T09:39:08.665677 #11481]  INFO -- : 0:  thread_safe (0.3.5) from /Users/haigj01/.rvm/gems/ruby-2.1.0/specifications/thread_safe-0.3.5.gemspec
I, [2015-05-01T09:39:08.665884 #11481]  INFO -- : 0:  tzinfo (1.2.2) from /Users/haigj01/.rvm/gems/ruby-2.1.0/specifications/tzinfo-1.2.2.gemspec
I, [2015-05-01T09:39:08.666101 #11481]  INFO -- : 0:  activesupport (4.2.1) from /Users/haigj01/.rvm/gems/ruby-2.1.0/specifications/activesupport-4.2.1.gemspec
I, [2015-05-01T09:39:08.666298 #11481]  INFO -- : 0:  builder (3.2.2) from /Users/haigj01/.rvm/gems/ruby-2.1.0/specifications/builder-3.2.2.gemspec
I, [2015-05-01T09:39:08.666496 #11481]  INFO -- : 0:  activemodel (4.2.1) from /Users/haigj01/.rvm/gems/ruby-2.1.0/specifications/activemodel-4.2.1.gemspec
I, [2015-05-01T09:39:08.666695 #11481]  INFO -- : 0:  arel (6.0.0) from /Users/haigj01/.rvm/gems/ruby-2.1.0/specifications/arel-6.0.0.gemspec
I, [2015-05-01T09:39:08.666906 #11481]  INFO -- : 0:  activerecord (4.2.1) from /Users/haigj01/.rvm/gems/ruby-2.1.0/specifications/activerecord-4.2.1.gemspec
I, [2015-05-01T09:39:08.667122 #11481]  INFO -- : 0:  sqlite3 (1.3.10) from /Users/haigj01/.rvm/gems/ruby-2.1.0/specifications/sqlite3-1.3.10.gemspec
I, [2015-05-01T09:39:08.693879 #11481]  INFO -- : 0:  simple_stats_store (0.0.1) from /Users/haigj01/workspace/titan/simple_stats_store/simple_stats_store.gemspec
I, [2015-05-01T09:39:08.694147 #11481]  INFO -- : 0:  bundler (1.5.1) from /Users/haigj01/.rvm/gems/ruby-2.1.0@global/specifications/bundler-1.5.1.gemspec
I, [2015-05-01T10:15:25.005623 #14888]  INFO -- : 0:  i18n (0.7.0) from /Users/haigj01/.rvm/gems/ruby-2.1.0/specifications/i18n-0.7.0.gemspec
I, [2015-05-01T10:15:25.005908 #14888]  INFO -- : 0:  json (1.8.2) from /Users/haigj01/.rvm/gems/ruby-2.1.0/specifications/json-1.8.2.gemspec
I, [2015-05-01T10:15:25.006121 #14888]  INFO -- : 0:  minitest (5.6.1) from /Users/haigj01/.rvm/gems/ruby-2.1.0/specifications/minitest-5.6.1.gemspec
I, [2015-05-01T10:15:25.006317 #14888]  INFO -- : 0:  thread_safe (0.3.5) from /Users/haigj01/.rvm/gems/ruby-2.1.0/specifications/thread_safe-0.3.5.gemspec
I, [2015-05-01T10:15:25.006501 #14888]  INFO -- : 0:  tzinfo (1.2.2) from /Users/haigj01/.rvm/gems/ruby-2.1.0/specifications/tzinfo-1.2.2.gemspec
I, [2015-05-01T10:15:25.006684 #14888]  INFO -- : 0:  activesupport (4.2.1) from /Users/haigj01/.rvm/gems/ruby-2.1.0/specifications/activesupport-4.2.1.gemspec
I, [2015-05-01T10:15:25.006841 #14888]  INFO -- : 0:  builder (3.2.2) from /Users/haigj01/.rvm/gems/ruby-2.1.0/specifications/builder-3.2.2.gemspec
I, [2015-05-01T10:15:25.007044 #14888]  INFO -- : 0:  activemodel (4.2.1) from /Users/haigj01/.rvm/gems/ruby-2.1.0/specifications/activemodel-4.2.1.gemspec
I, [2015-05-01T10:15:25.007243 #14888]  INFO -- : 0:  arel (6.0.0) from /Users/haigj01/.rvm/gems/ruby-2.1.0/specifications/arel-6.0.0.gemspec
I, [2015-05-01T10:15:25.007424 #14888]  INFO -- : 0:  activerecord (4.2.1) from /Users/haigj01/.rvm/gems/ruby-2.1.0/specifications/activerecord-4.2.1.gemspec
I, [2015-05-01T10:15:25.007588 #14888]  INFO -- : 0:  hirb (0.7.3) from /Users/haigj01/.rvm/gems/ruby-2.1.0/specifications/hirb-0.7.3.gemspec
I, [2015-05-01T10:15:25.007777 #14888]  INFO -- : 0:  sqlite3 (1.3.10) from /Users/haigj01/.rvm/gems/ruby-2.1.0/specifications/sqlite3-1.3.10.gemspec
I, [2015-05-01T10:15:25.031821 #14888]  INFO -- : 0:  simple_stats_store (0.0.1) from /Users/haigj01/workspace/titan/simple_stats_store/simple_stats_store.gemspec
I, [2015-05-01T10:15:25.032074 #14888]  INFO -- : 0:  bundler (1.5.1) from /Users/haigj01/.rvm/gems/ruby-2.1.0@global/specifications/bundler-1.5.1.gemspec
I, [2015-05-01T10:24:37.760841 #15176]  INFO -- : 0:  i18n (0.7.0) from /Users/haigj01/.rvm/gems/ruby-2.1.0/specifications/i18n-0.7.0.gemspec
I, [2015-05-01T10:24:37.761156 #15176]  INFO -- : 0:  json (1.8.2) from /Users/haigj01/.rvm/gems/ruby-2.1.0/specifications/json-1.8.2.gemspec
I, [2015-05-01T10:24:37.761342 #15176]  INFO -- : 0:  minitest (5.6.1) from /Users/haigj01/.rvm/gems/ruby-2.1.0/specifications/minitest-5.6.1.gemspec
I, [2015-05-01T10:24:37.761533 #15176]  INFO -- : 0:  thread_safe (0.3.5) from /Users/haigj01/.rvm/gems/ruby-2.1.0/specifications/thread_safe-0.3.5.gemspec
I, [2015-05-01T10:24:37.761705 #15176]  INFO -- : 0:  tzinfo (1.2.2) from /Users/haigj01/.rvm/gems/ruby-2.1.0/specifications/tzinfo-1.2.2.gemspec
I, [2015-05-01T10:24:37.761879 #15176]  INFO -- : 0:  activesupport (4.2.1) from /Users/haigj01/.rvm/gems/ruby-2.1.0/specifications/activesupport-4.2.1.gemspec
I, [2015-05-01T10:24:37.762060 #15176]  INFO -- : 0:  builder (3.2.2) from /Users/haigj01/.rvm/gems/ruby-2.1.0/specifications/builder-3.2.2.gemspec
I, [2015-05-01T10:24:37.762255 #15176]  INFO -- : 0:  activemodel (4.2.1) from /Users/haigj01/.rvm/gems/ruby-2.1.0/specifications/activemodel-4.2.1.gemspec
I, [2015-05-01T10:24:37.762459 #15176]  INFO -- : 0:  arel (6.0.0) from /Users/haigj01/.rvm/gems/ruby-2.1.0/specifications/arel-6.0.0.gemspec
I, [2015-05-01T10:24:37.762656 #15176]  INFO -- : 0:  activerecord (4.2.1) from /Users/haigj01/.rvm/gems/ruby-2.1.0/specifications/activerecord-4.2.1.gemspec
I, [2015-05-01T10:24:37.762857 #15176]  INFO -- : 0:  sqlite3 (1.3.10) from /Users/haigj01/.rvm/gems/ruby-2.1.0/specifications/sqlite3-1.3.10.gemspec
I, [2015-05-01T10:24:37.789987 #15176]  INFO -- : 0:  simple_stats_store (0.0.1) from /Users/haigj01/workspace/titan/simple_stats_store/simple_stats_store.gemspec
I, [2015-05-01T10:24:37.790272 #15176]  INFO -- : 0:  terminal-table (1.4.5) from /Users/haigj01/.rvm/gems/ruby-2.1.0/specifications/terminal-table-1.4.5.gemspec
I, [2015-05-01T10:24:37.790479 #15176]  INFO -- : 0:  bundler (1.5.1) from /Users/haigj01/.rvm/gems/ruby-2.1.0@global/specifications/bundler-1.5.1.gemspec
I, [2015-05-01T11:04:11.318497 #17791]  INFO -- : 0:  i18n (0.7.0) from /Users/haigj01/.rvm/gems/ruby-2.1.0/specifications/i18n-0.7.0.gemspec
I, [2015-05-01T11:04:11.318845 #17791]  INFO -- : 0:  json (1.8.2) from /Users/haigj01/.rvm/gems/ruby-2.1.0/specifications/json-1.8.2.gemspec
I, [2015-05-01T11:04:11.319067 #17791]  INFO -- : 0:  minitest (5.6.1) from /Users/haigj01/.rvm/gems/ruby-2.1.0/specifications/minitest-5.6.1.gemspec
I, [2015-05-01T11:04:11.319277 #17791]  INFO -- : 0:  thread_safe (0.3.5) from /Users/haigj01/.rvm/gems/ruby-2.1.0/specifications/thread_safe-0.3.5.gemspec
I, [2015-05-01T11:04:11.319487 #17791]  INFO -- : 0:  tzinfo (1.2.2) from /Users/haigj01/.rvm/gems/ruby-2.1.0/specifications/tzinfo-1.2.2.gemspec
I, [2015-05-01T11:04:11.319705 #17791]  INFO -- : 0:  activesupport (4.2.1) from /Users/haigj01/.rvm/gems/ruby-2.1.0/specifications/activesupport-4.2.1.gemspec
I, [2015-05-01T11:04:11.319928 #17791]  INFO -- : 0:  builder (3.2.2) from /Users/haigj01/.rvm/gems/ruby-2.1.0/specifications/builder-3.2.2.gemspec
I, [2015-05-01T11:04:11.320132 #17791]  INFO -- : 0:  activemodel (4.2.1) from /Users/haigj01/.rvm/gems/ruby-2.1.0/specifications/activemodel-4.2.1.gemspec
I, [2015-05-01T11:04:11.320334 #17791]  INFO -- : 0:  arel (6.0.0) from /Users/haigj01/.rvm/gems/ruby-2.1.0/specifications/arel-6.0.0.gemspec
I, [2015-05-01T11:04:11.320541 #17791]  INFO -- : 0:  activerecord (4.2.1) from /Users/haigj01/.rvm/gems/ruby-2.1.0/specifications/activerecord-4.2.1.gemspec
I, [2015-05-01T11:04:11.320765 #17791]  INFO -- : 0:  sqlite3 (1.3.10) from /Users/haigj01/.rvm/gems/ruby-2.1.0/specifications/sqlite3-1.3.10.gemspec
I, [2015-05-01T11:04:11.347848 #17791]  INFO -- : 0:  simple_stats_store (0.0.1) from /Users/haigj01/workspace/titan/simple_stats_store/simple_stats_store.gemspec
I, [2015-05-01T11:04:11.348138 #17791]  INFO -- : 0:  terminal-table (1.4.5) from /Users/haigj01/.rvm/gems/ruby-2.1.0/specifications/terminal-table-1.4.5.gemspec
I, [2015-05-01T11:04:11.348323 #17791]  INFO -- : 0:  bundler (1.5.1) from /Users/haigj01/.rvm/gems/ruby-2.1.0@global/specifications/bundler-1.5.1.gemspec
